[2025-03-24T09:45:05.197Z][INFO][native-module] 네이티브 모듈 로드 시도 {"paths":["C:\\Users\\user\\Desktop\\typing-stats-app\\native-modules\\target\\debug\\typing_stats_native.node","C:\\Users\\user\\Desktop\\typing-stats-app\\native-modules\\target\\release\\typing_stats_native.node"]}
[2025-03-24T09:45:05.198Z][ERROR][native-module] 폴백 모듈을 찾을 수 없음 {"path":"C:\\Users\\user\\Desktop\\typing-stats-app\\.next\\server\\app\\api\\native\\status\\fallback\\index.js"}
[2025-03-24T09:45:18.783Z][INFO][native-module] 네이티브 모듈 로드 시도 {"paths":["C:\\Users\\user\\Desktop\\typing-stats-app\\native-modules\\target\\debug\\typing_stats_native.node","C:\\Users\\user\\Desktop\\typing-stats-app\\native-modules\\target\\release\\typing_stats_native.node"]}
[2025-03-24T09:45:18.784Z][ERROR][native-module] 폴백 모듈을 찾을 수 없음 {"path":"C:\\Users\\user\\Desktop\\typing-stats-app\\.next\\server\\app\\api\\native\\memory\\fallback\\index.js"}
[2025-03-24T09:48:15.464Z][INFO][native-module] 네이티브 모듈 로드 시도 {"paths":["C:\\Users\\user\\Desktop\\typing-stats-app\\native-modules\\target\\debug\\typing_stats_native.node","C:\\Users\\user\\Desktop\\typing-stats-app\\native-modules\\target\\release\\typing_stats_native.node"]}
[2025-03-24T09:48:15.465Z][ERROR][native-module] 폴백 모듈을 찾을 수 없음 {"path":"C:\\Users\\user\\Desktop\\typing-stats-app\\.next\\server\\app\\api\\native\\status\\fallback\\index.js"}
[2025-03-24T23:59:20.799Z][INFO][native-module] 네이티브 모듈 로드 시도 {"paths":["C:\\Users\\user\\Desktop\\typing-stats-app\\native-modules\\target\\debug\\typing_stats_native.node","C:\\Users\\user\\Desktop\\typing-stats-app\\native-modules\\target\\release\\typing_stats_native.node"]}
[2025-03-24T23:59:20.822Z][INFO][native-module] 폴백 모듈 로드: C:\Users\user\Desktop\typing-stats-app\src\server\native\fallback\index.js 
[2025-03-24T23:59:27.893Z][INFO][native-module] 네이티브 모듈 로드 시도 {"paths":["C:\\Users\\user\\Desktop\\typing-stats-app\\native-modules\\target\\debug\\typing_stats_native.node","C:\\Users\\user\\Desktop\\typing-stats-app\\native-modules\\target\\release\\typing_stats_native.node"]}
[2025-03-24T23:59:27.896Z][ERROR][native-module] 폴백 모듈을 찾을 수 없음 {"path":"C:\\Users\\user\\Desktop\\typing-stats-app\\.next\\server\\app\\api\\native\\status\\fallback\\index.js"}
[2025-03-24T23:59:35.244Z][INFO][native-module] 네이티브 모듈 로드 시도 {"paths":["C:\\Users\\user\\Desktop\\typing-stats-app\\native-modules\\target\\debug\\typing_stats_native.node","C:\\Users\\user\\Desktop\\typing-stats-app\\native-modules\\target\\release\\typing_stats_native.node"]}
[2025-03-24T23:59:35.246Z][ERROR][native-module] 폴백 모듈을 찾을 수 없음 {"path":"C:\\Users\\user\\Desktop\\typing-stats-app\\.next\\server\\app\\api\\native\\status\\fallback\\index.js"}
[2025-03-25T00:01:08.649Z][INFO][native-module] 네이티브 모듈 로드 시도 {"paths":["C:\\Users\\user\\Desktop\\typing-stats-app\\native-modules\\target\\debug\\typing_stats_native.node","C:\\Users\\user\\Desktop\\typing-stats-app\\native-modules\\target\\release\\typing_stats_native.node"]}
[2025-03-25T00:01:08.658Z][INFO][native-module] 폴백 모듈 로드: C:\Users\user\Desktop\typing-stats-app\src\server\native\fallback\index.js 
[2025-03-25T00:01:13.654Z][INFO][native-module] 네이티브 모듈 로드 시도 {"paths":["C:\\Users\\user\\Desktop\\typing-stats-app\\native-modules\\target\\debug\\typing_stats_native.node","C:\\Users\\user\\Desktop\\typing-stats-app\\native-modules\\target\\release\\typing_stats_native.node"]}
[2025-03-25T00:01:13.657Z][ERROR][native-module] 폴백 모듈을 찾을 수 없음 {"path":"C:\\Users\\user\\Desktop\\typing-stats-app\\.next\\server\\app\\api\\native\\status\\fallback\\index.js"}
[2025-03-25T10:11:15.555Z][INFO][native-module] 네이티브 모듈 로드 시도 {"paths":["C:\\Users\\user\\Desktop\\typing-stats-app\\native-modules\\target\\debug\\typing_stats_native.node","C:\\Users\\user\\Desktop\\typing-stats-app\\native-modules\\target\\release\\typing_stats_native.node"]}
[2025-03-25T10:11:15.556Z][ERROR][native-module] 폴백 모듈을 찾을 수 없음 {"path":"C:\\Users\\user\\Desktop\\typing-stats-app\\.next\\server\\app\\api\\native\\status\\fallback\\index.js"}
[2025-03-25T10:11:39.132Z][INFO][native-module] 네이티브 모듈 로드 시도 {"paths":["C:\\Users\\user\\Desktop\\typing-stats-app\\native-modules\\target\\debug\\typing_stats_native.node","C:\\Users\\user\\Desktop\\typing-stats-app\\native-modules\\target\\release\\typing_stats_native.node"]}
[2025-03-25T10:11:39.133Z][ERROR][native-module] 폴백 모듈을 찾을 수 없음 {"path":"C:\\Users\\user\\Desktop\\typing-stats-app\\.next\\server\\app\\api\\native\\status\\fallback\\index.js"}
[2025-03-25T16:42:18.164Z][INFO][native-module] 네이티브 모듈 로드 시도 {"paths":["C:\\Users\\user\\Desktop\\typing-stats-app\\.next\\server\\app\\api\\native\\worker\\typing_stats_native.node","C:\\Users\\user\\Desktop\\typing-stats-app\\node_modules\\.native-modules\\typing_stats_native.node"]}
[2025-03-25T16:42:18.168Z][ERROR][native-module] 폴백 모듈을 찾을 수 없음 {"path":"C:\\Users\\user\\Desktop\\typing-stats-app\\.next\\server\\app\\api\\native\\worker\\fallback\\index.js"}
[2025-03-25T16:42:19.991Z][INFO][native-module] 네이티브 모듈 로드 시도 {"paths":["C:\\Users\\user\\Desktop\\typing-stats-app\\.next\\server\\app\\api\\native\\worker\\typing_stats_native.node","C:\\Users\\user\\Desktop\\typing-stats-app\\node_modules\\.native-modules\\typing_stats_native.node"]}
[2025-03-25T16:42:19.992Z][ERROR][native-module] 폴백 모듈을 찾을 수 없음 {"path":"C:\\Users\\user\\Desktop\\typing-stats-app\\.next\\server\\app\\api\\native\\worker\\fallback\\index.js"}
[2025-03-25T16:46:34.756Z][INFO][native-module] 네이티브 모듈 로드 시도 {"paths":["C:\\Users\\user\\Desktop\\typing-stats-app\\.next\\server\\app\\api\\native\\worker\\typing_stats_native.node","C:\\Users\\user\\Desktop\\typing-stats-app\\node_modules\\.native-modules\\typing_stats_native.node"]}
[2025-03-25T16:46:34.773Z][ERROR][native-module] 폴백 모듈을 찾을 수 없음 {"path":"C:\\Users\\user\\Desktop\\typing-stats-app\\.next\\server\\app\\api\\native\\worker\\fallback\\index.js"}
[2025-03-25T16:46:37.220Z][INFO][native-module] 네이티브 모듈 로드 시도 {"paths":["C:\\Users\\user\\Desktop\\typing-stats-app\\.next\\server\\app\\api\\native\\worker\\typing_stats_native.node","C:\\Users\\user\\Desktop\\typing-stats-app\\node_modules\\.native-modules\\typing_stats_native.node"]}
[2025-03-25T16:46:37.223Z][ERROR][native-module] 폴백 모듈을 찾을 수 없음 {"path":"C:\\Users\\user\\Desktop\\typing-stats-app\\.next\\server\\app\\api\\native\\worker\\fallback\\index.js"}
